[0.070s] DEBUG:colcon:Command line arguments: ['/usr/bin/colcon', 'build', '--symlink-install']
[0.070s] DEBUG:colcon:Parsed command line arguments: Namespace(log_base=None, log_level=None, verb_name='build', build_base='build', install_base='install', merge_install=False, symlink_install=True, test_result_base=None, continue_on_error=False, executor='parallel', parallel_workers=16, event_handlers=None, ignore_user_meta=False, metas=['./colcon.meta'], base_paths=['.'], packages_ignore=None, packages_ignore_regex=None, paths=None, packages_up_to=None, packages_up_to_regex=None, packages_above=None, packages_above_and_dependencies=None, packages_above_depth=None, packages_select_by_dep=None, packages_skip_by_dep=None, packages_skip_up_to=None, packages_select_build_failed=False, packages_skip_build_finished=False, packages_select_test_failures=False, packages_skip_test_passed=False, packages_select=None, packages_skip=None, packages_select_regex=None, packages_skip_regex=None, packages_start=None, packages_end=None, allow_overriding=[], cmake_args=None, cmake_target=None, cmake_target_skip_unavailable=False, cmake_clean_cache=False, cmake_clean_first=False, cmake_force_configure=False, ament_cmake_args=None, catkin_cmake_args=None, catkin_skip_building_tests=False, mixin_files=None, mixin=None, verb_parser=<colcon_mixin.mixin.mixin_argument.MixinArgumentDecorator object at 0x7da5b6ca4a30>, verb_extension=<colcon_core.verb.build.BuildVerb object at 0x7da5b6daa080>, main=<bound method BuildVerb.main of <colcon_core.verb.build.BuildVerb object at 0x7da5b6daa080>>, mixin_verb=('build',))
[0.203s] Level 1:colcon.colcon_core.package_discovery:discover_packages(colcon_meta) check parameters
[0.203s] Level 1:colcon.colcon_core.package_discovery:discover_packages(recursive) check parameters
[0.203s] Level 1:colcon.colcon_core.package_discovery:discover_packages(ignore) check parameters
[0.203s] Level 1:colcon.colcon_core.package_discovery:discover_packages(path) check parameters
[0.203s] Level 1:colcon.colcon_core.package_discovery:discover_packages(colcon_meta) discover
[0.203s] Level 1:colcon.colcon_core.package_discovery:discover_packages(recursive) discover
[0.203s] INFO:colcon.colcon_core.package_discovery:Crawling recursively for packages in '/home/ryan/Humble-VOXL2'
[0.203s] Level 1:colcon.colcon_core.package_identification:_identify(.) by extensions ['ignore', 'ignore_ament_install']
[0.203s] Level 1:colcon.colcon_core.package_identification:_identify(.) by extension 'ignore'
[0.203s] Level 1:colcon.colcon_core.package_identification:_identify(.) by extension 'ignore_ament_install'
[0.203s] Level 1:colcon.colcon_core.package_identification:_identify(.) by extensions ['colcon_pkg']
[0.203s] Level 1:colcon.colcon_core.package_identification:_identify(.) by extension 'colcon_pkg'
[0.203s] Level 1:colcon.colcon_core.package_identification:_identify(.) by extensions ['colcon_meta']
[0.203s] Level 1:colcon.colcon_core.package_identification:_identify(.) by extension 'colcon_meta'
[0.203s] Level 1:colcon.colcon_core.package_identification:_identify(.) by extensions ['ros']
[0.203s] Level 1:colcon.colcon_core.package_identification:_identify(.) by extension 'ros'
[0.216s] Level 1:colcon.colcon_core.package_identification:_identify(.) by extensions ['cmake', 'python']
[0.216s] Level 1:colcon.colcon_core.package_identification:_identify(.) by extension 'cmake'
[0.216s] Level 1:colcon.colcon_core.package_identification:_identify(.) by extension 'python'
[0.216s] Level 1:colcon.colcon_core.package_identification:_identify(.) by extensions ['python_setup_py']
[0.216s] Level 1:colcon.colcon_core.package_identification:_identify(.) by extension 'python_setup_py'
[0.216s] Level 1:colcon.colcon_core.package_identification:_identify(build) by extensions ['ignore', 'ignore_ament_install']
[0.216s] Level 1:colcon.colcon_core.package_identification:_identify(build) by extension 'ignore'
[0.216s] Level 1:colcon.colcon_core.package_identification:_identify(build) ignored
[0.216s] Level 1:colcon.colcon_core.package_identification:_identify(install) by extensions ['ignore', 'ignore_ament_install']
[0.216s] Level 1:colcon.colcon_core.package_identification:_identify(install) by extension 'ignore'
[0.216s] Level 1:colcon.colcon_core.package_identification:_identify(install) ignored
[0.216s] Level 1:colcon.colcon_core.package_identification:_identify(log) by extensions ['ignore', 'ignore_ament_install']
[0.216s] Level 1:colcon.colcon_core.package_identification:_identify(log) by extension 'ignore'
[0.216s] Level 1:colcon.colcon_core.package_identification:_identify(log) ignored
[0.216s] Level 1:colcon.colcon_core.package_identification:_identify(px4_msgs_install) by extensions ['ignore', 'ignore_ament_install']
[0.216s] Level 1:colcon.colcon_core.package_identification:_identify(px4_msgs_install) by extension 'ignore'
[0.216s] Level 1:colcon.colcon_core.package_identification:_identify(px4_msgs_install) ignored
[0.216s] Level 1:colcon.colcon_core.package_identification:_identify(src) by extensions ['ignore', 'ignore_ament_install']
[0.216s] Level 1:colcon.colcon_core.package_identification:_identify(src) by extension 'ignore'
[0.216s] Level 1:colcon.colcon_core.package_identification:_identify(src) by extension 'ignore_ament_install'
[0.216s] Level 1:colcon.colcon_core.package_identification:_identify(src) by extensions ['colcon_pkg']
[0.216s] Level 1:colcon.colcon_core.package_identification:_identify(src) by extension 'colcon_pkg'
[0.217s] Level 1:colcon.colcon_core.package_identification:_identify(src) by extensions ['colcon_meta']
[0.217s] Level 1:colcon.colcon_core.package_identification:_identify(src) by extension 'colcon_meta'
[0.217s] Level 1:colcon.colcon_core.package_identification:_identify(src) by extensions ['ros']
[0.217s] Level 1:colcon.colcon_core.package_identification:_identify(src) by extension 'ros'
[0.217s] Level 1:colcon.colcon_core.package_identification:_identify(src) by extensions ['cmake', 'python']
[0.217s] Level 1:colcon.colcon_core.package_identification:_identify(src) by extension 'cmake'
[0.217s] Level 1:colcon.colcon_core.package_identification:_identify(src) by extension 'python'
[0.217s] Level 1:colcon.colcon_core.package_identification:_identify(src) by extensions ['python_setup_py']
[0.217s] Level 1:colcon.colcon_core.package_identification:_identify(src) by extension 'python_setup_py'
[0.217s] Level 1:colcon.colcon_core.package_identification:_identify(src/base_arm_test) by extensions ['ignore', 'ignore_ament_install']
[0.217s] Level 1:colcon.colcon_core.package_identification:_identify(src/base_arm_test) by extension 'ignore'
[0.217s] Level 1:colcon.colcon_core.package_identification:_identify(src/base_arm_test) by extension 'ignore_ament_install'
[0.217s] Level 1:colcon.colcon_core.package_identification:_identify(src/base_arm_test) by extensions ['colcon_pkg']
[0.217s] Level 1:colcon.colcon_core.package_identification:_identify(src/base_arm_test) by extension 'colcon_pkg'
[0.217s] Level 1:colcon.colcon_core.package_identification:_identify(src/base_arm_test) by extensions ['colcon_meta']
[0.217s] Level 1:colcon.colcon_core.package_identification:_identify(src/base_arm_test) by extension 'colcon_meta'
[0.217s] Level 1:colcon.colcon_core.package_identification:_identify(src/base_arm_test) by extensions ['ros']
[0.217s] Level 1:colcon.colcon_core.package_identification:_identify(src/base_arm_test) by extension 'ros'
[0.219s] DEBUG:colcon.colcon_core.package_identification:Package 'src/base_arm_test' with type 'ros.ament_python' and name 'base_arm_test'
[0.219s] Level 1:colcon.colcon_core.package_identification:_identify(src/starling_arm_test) by extensions ['ignore', 'ignore_ament_install']
[0.219s] Level 1:colcon.colcon_core.package_identification:_identify(src/starling_arm_test) by extension 'ignore'
[0.219s] Level 1:colcon.colcon_core.package_identification:_identify(src/starling_arm_test) by extension 'ignore_ament_install'
[0.219s] Level 1:colcon.colcon_core.package_identification:_identify(src/starling_arm_test) by extensions ['colcon_pkg']
[0.219s] Level 1:colcon.colcon_core.package_identification:_identify(src/starling_arm_test) by extension 'colcon_pkg'
[0.219s] Level 1:colcon.colcon_core.package_identification:_identify(src/starling_arm_test) by extensions ['colcon_meta']
[0.219s] Level 1:colcon.colcon_core.package_identification:_identify(src/starling_arm_test) by extension 'colcon_meta'
[0.219s] Level 1:colcon.colcon_core.package_identification:_identify(src/starling_arm_test) by extensions ['ros']
[0.219s] Level 1:colcon.colcon_core.package_identification:_identify(src/starling_arm_test) by extension 'ros'
[0.219s] DEBUG:colcon.colcon_core.package_identification:Package 'src/starling_arm_test' with type 'ros.ament_python' and name 'starling_arm_test'
[0.219s] Level 1:colcon.colcon_core.package_discovery:discover_packages(recursive) using defaults
[0.219s] Level 1:colcon.colcon_core.package_discovery:discover_packages(ignore) discover
[0.219s] Level 1:colcon.colcon_core.package_discovery:discover_packages(ignore) using defaults
[0.219s] Level 1:colcon.colcon_core.package_discovery:discover_packages(path) discover
[0.219s] Level 1:colcon.colcon_core.package_discovery:discover_packages(path) using defaults
[0.232s] Level 1:colcon.colcon_core.package_discovery:discover_packages(prefix_path) check parameters
[0.232s] Level 1:colcon.colcon_core.package_discovery:discover_packages(prefix_path) discover
[0.233s] DEBUG:colcon.colcon_installed_package_information.package_discovery:Found 2 installed packages in /home/ryan/Humble-VOXL2/install
[0.234s] DEBUG:colcon.colcon_installed_package_information.package_discovery:Found 271 installed packages in /opt/ros/humble
[0.235s] Level 1:colcon.colcon_core.package_discovery:discover_packages(prefix_path) using defaults
[0.256s] Level 5:colcon.colcon_core.verb:set package 'base_arm_test' build argument 'cmake_args' from command line to 'None'
[0.256s] Level 5:colcon.colcon_core.verb:set package 'base_arm_test' build argument 'cmake_target' from command line to 'None'
[0.256s] Level 5:colcon.colcon_core.verb:set package 'base_arm_test' build argument 'cmake_target_skip_unavailable' from command line to 'False'
[0.256s] Level 5:colcon.colcon_core.verb:set package 'base_arm_test' build argument 'cmake_clean_cache' from command line to 'False'
[0.256s] Level 5:colcon.colcon_core.verb:set package 'base_arm_test' build argument 'cmake_clean_first' from command line to 'False'
[0.256s] Level 5:colcon.colcon_core.verb:set package 'base_arm_test' build argument 'cmake_force_configure' from command line to 'False'
[0.256s] Level 5:colcon.colcon_core.verb:set package 'base_arm_test' build argument 'ament_cmake_args' from command line to 'None'
[0.256s] Level 5:colcon.colcon_core.verb:set package 'base_arm_test' build argument 'catkin_cmake_args' from command line to 'None'
[0.256s] Level 5:colcon.colcon_core.verb:set package 'base_arm_test' build argument 'catkin_skip_building_tests' from command line to 'False'
[0.256s] DEBUG:colcon.colcon_core.verb:Building package 'base_arm_test' with the following arguments: {'ament_cmake_args': None, 'build_base': '/home/ryan/Humble-VOXL2/build/base_arm_test', 'catkin_cmake_args': None, 'catkin_skip_building_tests': False, 'cmake_args': None, 'cmake_clean_cache': False, 'cmake_clean_first': False, 'cmake_force_configure': False, 'cmake_target': None, 'cmake_target_skip_unavailable': False, 'install_base': '/home/ryan/Humble-VOXL2/install/base_arm_test', 'merge_install': False, 'path': '/home/ryan/Humble-VOXL2/src/base_arm_test', 'symlink_install': True, 'test_result_base': None}
[0.256s] Level 5:colcon.colcon_core.verb:set package 'starling_arm_test' build argument 'cmake_args' from command line to 'None'
[0.256s] Level 5:colcon.colcon_core.verb:set package 'starling_arm_test' build argument 'cmake_target' from command line to 'None'
[0.256s] Level 5:colcon.colcon_core.verb:set package 'starling_arm_test' build argument 'cmake_target_skip_unavailable' from command line to 'False'
[0.256s] Level 5:colcon.colcon_core.verb:set package 'starling_arm_test' build argument 'cmake_clean_cache' from command line to 'False'
[0.256s] Level 5:colcon.colcon_core.verb:set package 'starling_arm_test' build argument 'cmake_clean_first' from command line to 'False'
[0.256s] Level 5:colcon.colcon_core.verb:set package 'starling_arm_test' build argument 'cmake_force_configure' from command line to 'False'
[0.256s] Level 5:colcon.colcon_core.verb:set package 'starling_arm_test' build argument 'ament_cmake_args' from command line to 'None'
[0.256s] Level 5:colcon.colcon_core.verb:set package 'starling_arm_test' build argument 'catkin_cmake_args' from command line to 'None'
[0.256s] Level 5:colcon.colcon_core.verb:set package 'starling_arm_test' build argument 'catkin_skip_building_tests' from command line to 'False'
[0.256s] DEBUG:colcon.colcon_core.verb:Building package 'starling_arm_test' with the following arguments: {'ament_cmake_args': None, 'build_base': '/home/ryan/Humble-VOXL2/build/starling_arm_test', 'catkin_cmake_args': None, 'catkin_skip_building_tests': False, 'cmake_args': None, 'cmake_clean_cache': False, 'cmake_clean_first': False, 'cmake_force_configure': False, 'cmake_target': None, 'cmake_target_skip_unavailable': False, 'install_base': '/home/ryan/Humble-VOXL2/install/starling_arm_test', 'merge_install': False, 'path': '/home/ryan/Humble-VOXL2/src/starling_arm_test', 'symlink_install': True, 'test_result_base': None}
[0.256s] INFO:colcon.colcon_core.executor:Executing jobs using 'parallel' executor
[0.257s] DEBUG:colcon.colcon_parallel_executor.executor.parallel:run_until_complete
[0.257s] INFO:colcon.colcon_ros.task.ament_python.build:Building ROS package in '/home/ryan/Humble-VOXL2/src/base_arm_test' with build type 'ament_python'
[0.257s] Level 1:colcon.colcon_core.shell:create_environment_hook('base_arm_test', 'ament_prefix_path')
[0.259s] INFO:colcon.colcon_core.plugin_system:Skipping extension 'colcon_core.shell.bat': Not used on non-Windows systems
[0.259s] INFO:colcon.colcon_core.shell:Creating environment hook '/home/ryan/Humble-VOXL2/install/base_arm_test/share/base_arm_test/hook/ament_prefix_path.ps1'
[0.259s] INFO:colcon.colcon_core.shell:Creating environment descriptor '/home/ryan/Humble-VOXL2/install/base_arm_test/share/base_arm_test/hook/ament_prefix_path.dsv'
[0.259s] INFO:colcon.colcon_core.shell:Creating environment hook '/home/ryan/Humble-VOXL2/install/base_arm_test/share/base_arm_test/hook/ament_prefix_path.sh'
[0.260s] INFO:colcon.colcon_core.shell:Skip shell extension 'powershell' for command environment: Not usable outside of PowerShell
[0.260s] DEBUG:colcon.colcon_core.shell:Skip shell extension 'dsv' for command environment
[0.262s] INFO:colcon.colcon_ros.task.ament_python.build:Building ROS package in '/home/ryan/Humble-VOXL2/src/starling_arm_test' with build type 'ament_python'
[0.262s] Level 1:colcon.colcon_core.shell:create_environment_hook('starling_arm_test', 'ament_prefix_path')
[0.262s] INFO:colcon.colcon_core.shell:Creating environment hook '/home/ryan/Humble-VOXL2/install/starling_arm_test/share/starling_arm_test/hook/ament_prefix_path.ps1'
[0.262s] INFO:colcon.colcon_core.shell:Creating environment descriptor '/home/ryan/Humble-VOXL2/install/starling_arm_test/share/starling_arm_test/hook/ament_prefix_path.dsv'
[0.262s] INFO:colcon.colcon_core.shell:Creating environment hook '/home/ryan/Humble-VOXL2/install/starling_arm_test/share/starling_arm_test/hook/ament_prefix_path.sh'
[0.263s] INFO:colcon.colcon_core.shell:Skip shell extension 'powershell' for command environment: Not usable outside of PowerShell
[0.263s] DEBUG:colcon.colcon_core.shell:Skip shell extension 'dsv' for command environment
[0.467s] INFO:colcon.colcon_core.task.python.build:Building Python package in '/home/ryan/Humble-VOXL2/src/base_arm_test'
[0.467s] INFO:colcon.colcon_core.shell:Skip shell extension 'powershell' for command environment: Not usable outside of PowerShell
[0.467s] DEBUG:colcon.colcon_core.shell:Skip shell extension 'dsv' for command environment
[0.675s] INFO:colcon.colcon_core.task.python.build:Building Python package in '/home/ryan/Humble-VOXL2/src/starling_arm_test'
[0.675s] INFO:colcon.colcon_core.shell:Skip shell extension 'powershell' for command environment: Not usable outside of PowerShell
[0.675s] DEBUG:colcon.colcon_core.shell:Skip shell extension 'dsv' for command environment
[0.947s] DEBUG:colcon.colcon_core.task.python.build:While undoing a previous installation files outside the Python library path are being ignored: /home/ryan/Humble-VOXL2/install/base_arm_test/share/ament_index/resource_index/packages/base_arm_test
[0.948s] DEBUG:colcon.colcon_core.task.python.build:While undoing a previous installation files outside the Python library path are being ignored: /home/ryan/Humble-VOXL2/install/base_arm_test/share/base_arm_test/package.xml
[0.948s] DEBUG:colcon.colcon_core.task.python.build:While undoing a previous installation files outside the Python library path are being ignored: /home/ryan/Humble-VOXL2/install/base_arm_test/lib/base_arm_test/base_arm_test
[0.950s] DEBUG:colcon.colcon_core.event_handler.log_command:Invoking command in '/home/ryan/Humble-VOXL2/build/base_arm_test': PYTHONPATH=/home/ryan/Humble-VOXL2/build/base_arm_test/prefix_override:/usr/lib/python3/dist-packages/colcon_core/task/python/colcon_distutils_commands:/home/ryan/Humble-VOXL2/install/base_arm_test/lib/python3.10/site-packages:${PYTHONPATH} /usr/bin/python3 -W ignore:setup.py install is deprecated -W ignore:easy_install command is deprecated setup.py develop --editable --build-directory /home/ryan/Humble-VOXL2/build/base_arm_test/build --no-deps symlink_data --force
[0.951s] DEBUG:colcon.colcon_core.task.python.build:While undoing a previous installation files outside the Python library path are being ignored: /home/ryan/Humble-VOXL2/install/starling_arm_test/share/ament_index/resource_index/packages/starling_arm_test
[0.951s] DEBUG:colcon.colcon_core.task.python.build:While undoing a previous installation files outside the Python library path are being ignored: /home/ryan/Humble-VOXL2/install/starling_arm_test/share/starling_arm_test/package.xml
[0.953s] DEBUG:colcon.colcon_core.event_handler.log_command:Invoking command in '/home/ryan/Humble-VOXL2/build/starling_arm_test': PYTHONPATH=/home/ryan/Humble-VOXL2/build/starling_arm_test/prefix_override:/usr/lib/python3/dist-packages/colcon_core/task/python/colcon_distutils_commands:/home/ryan/Humble-VOXL2/install/starling_arm_test/lib/python3.10/site-packages:${PYTHONPATH} /usr/bin/python3 -W ignore:setup.py install is deprecated -W ignore:easy_install command is deprecated setup.py develop --editable --build-directory /home/ryan/Humble-VOXL2/build/starling_arm_test/build --no-deps symlink_data --force
[1.331s] Level 1:colcon.colcon_core.shell:create_environment_hook('base_arm_test', 'pythonpath_develop')
[1.332s] INFO:colcon.colcon_core.shell:Creating environment hook '/home/ryan/Humble-VOXL2/build/base_arm_test/share/base_arm_test/hook/pythonpath_develop.ps1'
[1.332s] DEBUG:colcon.colcon_core.event_handler.log_command:Invoked command in '/home/ryan/Humble-VOXL2/build/base_arm_test' returned '0': PYTHONPATH=/home/ryan/Humble-VOXL2/build/base_arm_test/prefix_override:/usr/lib/python3/dist-packages/colcon_core/task/python/colcon_distutils_commands:/home/ryan/Humble-VOXL2/install/base_arm_test/lib/python3.10/site-packages:${PYTHONPATH} /usr/bin/python3 -W ignore:setup.py install is deprecated -W ignore:easy_install command is deprecated setup.py develop --editable --build-directory /home/ryan/Humble-VOXL2/build/base_arm_test/build --no-deps symlink_data --force
[1.333s] INFO:colcon.colcon_core.shell:Creating environment descriptor '/home/ryan/Humble-VOXL2/build/base_arm_test/share/base_arm_test/hook/pythonpath_develop.dsv'
[1.333s] INFO:colcon.colcon_core.shell:Creating environment hook '/home/ryan/Humble-VOXL2/build/base_arm_test/share/base_arm_test/hook/pythonpath_develop.sh'
[1.335s] Level 1:colcon.colcon_core.environment:checking '/home/ryan/Humble-VOXL2/install/base_arm_test' for CMake module files
[1.335s] Level 1:colcon.colcon_core.environment:checking '/home/ryan/Humble-VOXL2/install/base_arm_test' for CMake config files
[1.336s] Level 1:colcon.colcon_core.environment:checking '/home/ryan/Humble-VOXL2/install/base_arm_test/lib'
[1.336s] Level 1:colcon.colcon_core.environment:checking '/home/ryan/Humble-VOXL2/install/base_arm_test/bin'
[1.336s] Level 1:colcon.colcon_core.environment:checking '/home/ryan/Humble-VOXL2/install/base_arm_test/lib/pkgconfig/base_arm_test.pc'
[1.336s] Level 1:colcon.colcon_core.environment:checking '/home/ryan/Humble-VOXL2/install/base_arm_test/lib/python3.10/site-packages'
[1.336s] Level 1:colcon.colcon_core.shell:create_environment_hook('base_arm_test', 'pythonpath')
[1.336s] INFO:colcon.colcon_core.shell:Creating environment hook '/home/ryan/Humble-VOXL2/install/base_arm_test/share/base_arm_test/hook/pythonpath.ps1'
[1.337s] INFO:colcon.colcon_core.shell:Creating environment descriptor '/home/ryan/Humble-VOXL2/install/base_arm_test/share/base_arm_test/hook/pythonpath.dsv'
[1.337s] INFO:colcon.colcon_core.shell:Creating environment hook '/home/ryan/Humble-VOXL2/install/base_arm_test/share/base_arm_test/hook/pythonpath.sh'
[1.337s] Level 1:colcon.colcon_core.environment:checking '/home/ryan/Humble-VOXL2/install/base_arm_test/bin'
[1.337s] Level 1:colcon.colcon_core.environment:create_environment_scripts_only(base_arm_test)
[1.338s] INFO:colcon.colcon_core.shell:Creating package script '/home/ryan/Humble-VOXL2/install/base_arm_test/share/base_arm_test/package.ps1'
[1.338s] INFO:colcon.colcon_core.shell:Creating package descriptor '/home/ryan/Humble-VOXL2/install/base_arm_test/share/base_arm_test/package.dsv'
[1.338s] INFO:colcon.colcon_core.shell:Creating package script '/home/ryan/Humble-VOXL2/install/base_arm_test/share/base_arm_test/package.sh'
[1.339s] INFO:colcon.colcon_core.shell:Creating package script '/home/ryan/Humble-VOXL2/install/base_arm_test/share/base_arm_test/package.bash'
[1.339s] INFO:colcon.colcon_core.shell:Creating package script '/home/ryan/Humble-VOXL2/install/base_arm_test/share/base_arm_test/package.zsh'
[1.340s] Level 1:colcon.colcon_core.environment:create_file_with_runtime_dependencies(/home/ryan/Humble-VOXL2/install/base_arm_test/share/colcon-core/packages/base_arm_test)
[1.340s] Level 1:colcon.colcon_core.shell:create_environment_hook('starling_arm_test', 'pythonpath_develop')
[1.340s] INFO:colcon.colcon_core.shell:Creating environment hook '/home/ryan/Humble-VOXL2/build/starling_arm_test/share/starling_arm_test/hook/pythonpath_develop.ps1'
[1.341s] INFO:colcon.colcon_core.shell:Creating environment descriptor '/home/ryan/Humble-VOXL2/build/starling_arm_test/share/starling_arm_test/hook/pythonpath_develop.dsv'
[1.341s] INFO:colcon.colcon_core.shell:Creating environment hook '/home/ryan/Humble-VOXL2/build/starling_arm_test/share/starling_arm_test/hook/pythonpath_develop.sh'
[1.342s] DEBUG:colcon.colcon_core.event_handler.log_command:Invoked command in '/home/ryan/Humble-VOXL2/build/starling_arm_test' returned '0': PYTHONPATH=/home/ryan/Humble-VOXL2/build/starling_arm_test/prefix_override:/usr/lib/python3/dist-packages/colcon_core/task/python/colcon_distutils_commands:/home/ryan/Humble-VOXL2/install/starling_arm_test/lib/python3.10/site-packages:${PYTHONPATH} /usr/bin/python3 -W ignore:setup.py install is deprecated -W ignore:easy_install command is deprecated setup.py develop --editable --build-directory /home/ryan/Humble-VOXL2/build/starling_arm_test/build --no-deps symlink_data --force
[1.342s] Level 1:colcon.colcon_core.environment:checking '/home/ryan/Humble-VOXL2/install/starling_arm_test' for CMake module files
[1.342s] Level 1:colcon.colcon_core.environment:checking '/home/ryan/Humble-VOXL2/install/starling_arm_test' for CMake config files
[1.342s] Level 1:colcon.colcon_core.environment:checking '/home/ryan/Humble-VOXL2/install/starling_arm_test/lib'
[1.342s] Level 1:colcon.colcon_core.environment:checking '/home/ryan/Humble-VOXL2/install/starling_arm_test/bin'
[1.342s] Level 1:colcon.colcon_core.environment:checking '/home/ryan/Humble-VOXL2/install/starling_arm_test/lib/pkgconfig/starling_arm_test.pc'
[1.343s] Level 1:colcon.colcon_core.environment:checking '/home/ryan/Humble-VOXL2/install/starling_arm_test/lib/python3.10/site-packages'
[1.343s] Level 1:colcon.colcon_core.shell:create_environment_hook('starling_arm_test', 'pythonpath')
[1.343s] INFO:colcon.colcon_core.shell:Creating environment hook '/home/ryan/Humble-VOXL2/install/starling_arm_test/share/starling_arm_test/hook/pythonpath.ps1'
[1.343s] INFO:colcon.colcon_core.shell:Creating environment descriptor '/home/ryan/Humble-VOXL2/install/starling_arm_test/share/starling_arm_test/hook/pythonpath.dsv'
[1.343s] INFO:colcon.colcon_core.shell:Creating environment hook '/home/ryan/Humble-VOXL2/install/starling_arm_test/share/starling_arm_test/hook/pythonpath.sh'
[1.344s] Level 1:colcon.colcon_core.environment:checking '/home/ryan/Humble-VOXL2/install/starling_arm_test/bin'
[1.344s] Level 1:colcon.colcon_core.environment:create_environment_scripts_only(starling_arm_test)
[1.344s] INFO:colcon.colcon_core.shell:Creating package script '/home/ryan/Humble-VOXL2/install/starling_arm_test/share/starling_arm_test/package.ps1'
[1.344s] INFO:colcon.colcon_core.shell:Creating package descriptor '/home/ryan/Humble-VOXL2/install/starling_arm_test/share/starling_arm_test/package.dsv'
[1.345s] INFO:colcon.colcon_core.shell:Creating package script '/home/ryan/Humble-VOXL2/install/starling_arm_test/share/starling_arm_test/package.sh'
[1.345s] INFO:colcon.colcon_core.shell:Creating package script '/home/ryan/Humble-VOXL2/install/starling_arm_test/share/starling_arm_test/package.bash'
[1.345s] INFO:colcon.colcon_core.shell:Creating package script '/home/ryan/Humble-VOXL2/install/starling_arm_test/share/starling_arm_test/package.zsh'
[1.345s] Level 1:colcon.colcon_core.environment:create_file_with_runtime_dependencies(/home/ryan/Humble-VOXL2/install/starling_arm_test/share/colcon-core/packages/starling_arm_test)
[1.346s] DEBUG:colcon.colcon_parallel_executor.executor.parallel:closing loop
[1.346s] DEBUG:colcon.colcon_parallel_executor.executor.parallel:loop closed
[1.346s] DEBUG:colcon.colcon_parallel_executor.executor.parallel:run_until_complete finished with '0'
[1.346s] DEBUG:colcon.colcon_core.event_reactor:joining thread
[1.350s] INFO:colcon.colcon_core.plugin_system:Skipping extension 'colcon_notification.desktop_notification.terminal_notifier': Not used on non-Darwin systems
[1.350s] INFO:colcon.colcon_core.plugin_system:Skipping extension 'colcon_notification.desktop_notification.win32': Not used on non-Windows systems
[1.350s] INFO:colcon.colcon_notification.desktop_notification:Sending desktop notification using 'notify2'
[1.359s] DEBUG:colcon.colcon_core.event_reactor:joined thread
[1.360s] INFO:colcon.colcon_core.shell:Creating prefix script '/home/ryan/Humble-VOXL2/install/local_setup.ps1'
[1.361s] INFO:colcon.colcon_core.shell:Creating prefix util module '/home/ryan/Humble-VOXL2/install/_local_setup_util_ps1.py'
[1.362s] INFO:colcon.colcon_core.shell:Creating prefix chain script '/home/ryan/Humble-VOXL2/install/setup.ps1'
[1.363s] INFO:colcon.colcon_core.shell:Creating prefix script '/home/ryan/Humble-VOXL2/install/local_setup.sh'
[1.364s] INFO:colcon.colcon_core.shell:Creating prefix util module '/home/ryan/Humble-VOXL2/install/_local_setup_util_sh.py'
[1.364s] INFO:colcon.colcon_core.shell:Creating prefix chain script '/home/ryan/Humble-VOXL2/install/setup.sh'
[1.365s] INFO:colcon.colcon_core.shell:Creating prefix script '/home/ryan/Humble-VOXL2/install/local_setup.bash'
[1.366s] INFO:colcon.colcon_core.shell:Creating prefix chain script '/home/ryan/Humble-VOXL2/install/setup.bash'
[1.367s] INFO:colcon.colcon_core.shell:Creating prefix script '/home/ryan/Humble-VOXL2/install/local_setup.zsh'
[1.367s] INFO:colcon.colcon_core.shell:Creating prefix chain script '/home/ryan/Humble-VOXL2/install/setup.zsh'
